0 info it worked if it ends with ok
1 verbose cli [ '/usr/local/bin/node', '/usr/local/bin/npm', 'publish' ]
2 info using npm@3.3.12
3 info using node@v5.1.1
4 verbose publish [ '.' ]
5 silly cache add args [ '.', null ]
6 verbose cache add spec .
7 silly cache add parsed spec Result {
7 silly cache add   raw: '.',
7 silly cache add   scope: null,
7 silly cache add   name: null,
7 silly cache add   rawSpec: '.',
7 silly cache add   spec: '/Users/chenhao/work/proj/test/react_test/redux/redux-test',
7 silly cache add   type: 'directory' }
8 verbose addLocalDirectory /Users/chenhao/.npm/redux-test/1.0.0/package.tgz not in flight; packing
9 info lifecycle redux-test@1.0.0~prepublish: redux-test@1.0.0
10 silly lifecycle redux-test@1.0.0~prepublish: no script for prepublish, continuing
11 verbose tar pack [ '/Users/chenhao/.npm/redux-test/1.0.0/package.tgz',
11 verbose tar pack   '/Users/chenhao/work/proj/test/react_test/redux/redux-test' ]
12 verbose tarball /Users/chenhao/.npm/redux-test/1.0.0/package.tgz
13 verbose folder /Users/chenhao/work/proj/test/react_test/redux/redux-test
14 verbose addLocalTarball adding from inside cache /Users/chenhao/.npm/redux-test/1.0.0/package.tgz
15 silly cache afterAdd redux-test@1.0.0
16 verbose afterAdd /Users/chenhao/.npm/redux-test/1.0.0/package/package.json not in flight; writing
17 verbose afterAdd /Users/chenhao/.npm/redux-test/1.0.0/package/package.json written
18 silly publish { name: 'redux-test',
18 silly publish   version: '1.0.0',
18 silly publish   description: 'test for redux',
18 silly publish   main: 'index.js',
18 silly publish   scripts: { test: 'echo "Error: no test specified" && exit 1' },
18 silly publish   repository:
18 silly publish    { type: 'git',
18 silly publish      url: 'git+https://github.com/rangerch/redux-test.git' },
18 silly publish   keywords: [ 'redux' ],
18 silly publish   author: '',
18 silly publish   license: 'ISC',
18 silly publish   readme: '# redux-test\n',
18 silly publish   readmeFilename: 'README.md',
18 silly publish   gitHead: '993db0f2ee06e9f970515f6083de5a6f4e3d6a28',
18 silly publish   bugs: { url: 'https://github.com/rangerch/redux-test/issues' },
18 silly publish   homepage: 'https://github.com/rangerch/redux-test#readme',
18 silly publish   _id: 'redux-test@1.0.0',
18 silly publish   _shasum: '52048d5160bbf4123df9060137e02801fdb09fdb',
18 silly publish   _from: '.' }
19 verbose getPublishConfig undefined
20 silly mapToRegistry name redux-test
21 silly mapToRegistry using default registry
22 silly mapToRegistry registry https://registry.npmjs.org/
23 silly mapToRegistry uri https://registry.npmjs.org/redux-test
24 verbose publish registryBase https://registry.npmjs.org/
25 silly publish uploading /Users/chenhao/.npm/redux-test/1.0.0/package.tgz
26 verbose request uri https://registry.npmjs.org/redux-test
27 verbose request sending authorization for write operation
28 info attempt registry request try #1 at 17:24:52
29 verbose request using bearer token for auth
30 verbose request id 21c207316e91ae53
31 http request PUT https://registry.npmjs.org/redux-test
32 http 403 https://registry.npmjs.org/redux-test
33 verbose headers { 'content-type': 'application/json',
33 verbose headers   'cache-control': 'max-age=300',
33 verbose headers   'content-length': '104',
33 verbose headers   'accept-ranges': 'bytes',
33 verbose headers   date: 'Sun, 24 Apr 2016 09:24:54 GMT',
33 verbose headers   via: '1.1 varnish',
33 verbose headers   connection: 'keep-alive',
33 verbose headers   'x-served-by': 'cache-itm7420-ITM',
33 verbose headers   'x-cache': 'MISS',
33 verbose headers   'x-cache-hits': '0',
33 verbose headers   'x-timer': 'S1461489893.981866,VS0,VE568',
33 verbose headers   vary: 'Accept-Encoding' }
34 verbose request invalidating /Users/chenhao/.npm/registry.npmjs.org/redux-test on PUT
35 error publish Failed PUT 403
36 verbose stack Error: you do not have permission to publish "redux-test". Are you logged in as the correct user? : redux-test
36 verbose stack     at makeError (/usr/local/lib/node_modules/npm/node_modules/npm-registry-client/lib/request.js:264:12)
36 verbose stack     at CachingRegistryClient.<anonymous> (/usr/local/lib/node_modules/npm/node_modules/npm-registry-client/lib/request.js:252:14)
36 verbose stack     at Request._callback (/usr/local/lib/node_modules/npm/node_modules/npm-registry-client/lib/request.js:172:14)
36 verbose stack     at Request.self.callback (/usr/local/lib/node_modules/npm/node_modules/request/request.js:198:22)
36 verbose stack     at emitTwo (events.js:87:13)
36 verbose stack     at Request.emit (events.js:172:7)
36 verbose stack     at Request.<anonymous> (/usr/local/lib/node_modules/npm/node_modules/request/request.js:1082:10)
36 verbose stack     at emitOne (events.js:82:20)
36 verbose stack     at Request.emit (events.js:169:7)
36 verbose stack     at IncomingMessage.<anonymous> (/usr/local/lib/node_modules/npm/node_modules/request/request.js:1009:12)
37 verbose statusCode 403
38 verbose pkgid redux-test
39 verbose cwd /Users/chenhao/work/proj/test/react_test/redux/redux-test
40 error Darwin 15.4.0
41 error argv "/usr/local/bin/node" "/usr/local/bin/npm" "publish"
42 error node v5.1.1
43 error npm  v3.3.12
44 error code E403
45 error you do not have permission to publish "redux-test". Are you logged in as the correct user? : redux-test
46 error If you need help, you may report this error at:
46 error     <https://github.com/npm/npm/issues>
47 verbose exit [ 1, true ]
